<?xml version="1.0" encoding="UTF-8"?>
<!-- Generated by org.testng.reporters.JUnitReportReporter -->
<testsuite skipped="0" hostname="Ahammed" name="test.DemoProject.packege.HomePage.TC0001_VarifyLoginWithValidCredential" tests="1" failures="0" timestamp="28 Oct 2017 13:40:29 GMT" time="2.669" errors="0">
  <testcase name="VarifyWithValidCredential" time="2.669" classname="test.DemoProject.packege.HomePage.TC0001_VarifyLoginWithValidCredential"/>
</testsuite> <!-- test.DemoProject.packege.HomePage.TC0001_VarifyLoginWithValidCredential -->
